app/build/intermediates/manifest_merge_blame_file/debug/processDebugMainManifest/manifest-merger-blame-debug-report.txt
1<?xml version="1.0" encoding="utf-8"?>
2<manifest xmlns:android="http://schemas.android.com/apk/res/android"
3    package="com.thepanel"
4    android:versionCode="1"
5    android:versionName="0.1.0" >
6
7    <uses-sdk
8        android:minSdkVersion="29"
9        android:targetSdkVersion="35" />
10
11    <uses-permission android:name="android.permission.ACCESS_COARSE_LOCATION" />
11-->src\main\AndroidManifest.xml:4:5-81
11-->src\main\AndroidManifest.xml:4:22-78
12    <uses-permission android:name="android.permission.ACCESS_FINE_LOCATION" />
12-->src\main\AndroidManifest.xml:5:5-79
12-->src\main\AndroidManifest.xml:5:22-76
13    <uses-permission android:name="android.permission.ACCESS_NETWORK_STATE" />
13-->src\main\AndroidManifest.xml:6:5-79
13-->src\main\AndroidManifest.xml:6:22-76
14    <uses-permission android:name="android.permission.INTERNET" />
14-->src\main\AndroidManifest.xml:7:5-67
14-->src\main\AndroidManifest.xml:7:22-64
15    <uses-permission android:name="android.permission.POST_NOTIFICATIONS" />
15-->src\main\AndroidManifest.xml:8:5-77
15-->src\main\AndroidManifest.xml:8:22-74
16    <uses-permission android:name="android.permission.SCHEDULE_EXACT_ALARM" />
16-->src\main\AndroidManifest.xml:9:5-79
16-->src\main\AndroidManifest.xml:9:22-76
17    <uses-permission android:name="android.permission.BLUETOOTH_CONNECT" />
17-->src\main\AndroidManifest.xml:10:5-76
17-->src\main\AndroidManifest.xml:10:22-73
18    <uses-permission android:name="android.permission.WAKE_LOCK" />
18-->[androidx.work:work-runtime:2.9.1] AndroidManifest.xml:23:5-68
18-->[androidx.work:work-runtime:2.9.1] AndroidManifest.xml:23:22-65
19    <uses-permission android:name="android.permission.RECEIVE_BOOT_COMPLETED" />
19-->[androidx.work:work-runtime:2.9.1] AndroidManifest.xml:25:5-81
19-->[androidx.work:work-runtime:2.9.1] AndroidManifest.xml:25:22-78
20    <uses-permission android:name="android.permission.FOREGROUND_SERVICE" />
20-->[androidx.work:work-runtime:2.9.1] AndroidManifest.xml:26:5-77
20-->[androidx.work:work-runtime:2.9.1] AndroidManifest.xml:26:22-74
21
22    <permission
22-->[androidx.core:core:1.13.1] AndroidManifest.xml:22:5-24:47
23        android:name="com.thepanel.DYNAMIC_RECEIVER_NOT_EXPORTED_PERMISSION"
23-->[androidx.core:core:1.13.1] AndroidManifest.xml:23:9-81
24        android:protectionLevel="signature" />
24-->[androidx.core:core:1.13.1] AndroidManifest.xml:24:9-44
25
26    <uses-permission android:name="com.thepanel.DYNAMIC_RECEIVER_NOT_EXPORTED_PERMISSION" />
26-->[androidx.core:core:1.13.1] AndroidManifest.xml:26:5-97
26-->[androidx.core:core:1.13.1] AndroidManifest.xml:26:22-94
27
28    <application
28-->src\main\AndroidManifest.xml:12:5-60:19
29        android:name="com.thepanel.ThePanelApplication"
29-->src\main\AndroidManifest.xml:13:9-44
30        android:allowBackup="true"
30-->src\main\AndroidManifest.xml:14:9-35
31        android:appComponentFactory="androidx.core.app.CoreComponentFactory"
31-->[androidx.core:core:1.13.1] AndroidManifest.xml:28:18-86
32        android:debuggable="true"
33        android:extractNativeLibs="false"
34        android:icon="@android:drawable/sym_def_app_icon"
34-->src\main\AndroidManifest.xml:15:9-58
35        android:label="The Panel"
35-->src\main\AndroidManifest.xml:16:9-34
36        android:roundIcon="@android:drawable/sym_def_app_icon"
36-->src\main\AndroidManifest.xml:17:9-63
37        android:supportsRtl="true"
37-->src\main\AndroidManifest.xml:18:9-35
38        android:theme="@style/Theme.ThePanel" >
38-->src\main\AndroidManifest.xml:19:9-46
39        <activity
39-->src\main\AndroidManifest.xml:20:9-31:20
40            android:name="com.thepanel.MainActivity"
40-->src\main\AndroidManifest.xml:21:13-41
41            android:configChanges="keyboard|keyboardHidden|navigation|orientation|screenLayout|screenSize|smallestScreenSize|uiMode"
41-->src\main\AndroidManifest.xml:22:13-133
42            android:exported="true"
42-->src\main\AndroidManifest.xml:23:13-36
43            android:launchMode="singleTask"
43-->src\main\AndroidManifest.xml:24:13-44
44            android:screenOrientation="sensorLandscape" >
44-->src\main\AndroidManifest.xml:25:13-56
45            <intent-filter>
45-->src\main\AndroidManifest.xml:26:13-30:29
46                <action android:name="android.intent.action.MAIN" />
46-->src\main\AndroidManifest.xml:27:17-69
46-->src\main\AndroidManifest.xml:27:25-66
47
48                <category android:name="android.intent.category.LAUNCHER" />
48-->src\main\AndroidManifest.xml:29:17-77
48-->src\main\AndroidManifest.xml:29:27-74
49            </intent-filter>
50        </activity>
51
52        <receiver
52-->src\main\AndroidManifest.xml:33:9-45:20
53            android:name="com.thepanel.admin.PanelDeviceAdminReceiver"
53-->src\main\AndroidManifest.xml:34:13-59
54            android:description="@string/app_name"
54-->src\main\AndroidManifest.xml:35:13-51
55            android:exported="true"
55-->src\main\AndroidManifest.xml:36:13-36
56            android:label="The Panel Device Admin"
56-->src\main\AndroidManifest.xml:37:13-51
57            android:permission="android.permission.BIND_DEVICE_ADMIN" >
57-->src\main\AndroidManifest.xml:38:13-70
58            <meta-data
58-->src\main\AndroidManifest.xml:39:13-41:65
59                android:name="android.app.device_admin"
59-->src\main\AndroidManifest.xml:40:17-56
60                android:resource="@xml/device_admin_receiver" />
60-->src\main\AndroidManifest.xml:41:17-62
61
62            <intent-filter>
62-->src\main\AndroidManifest.xml:42:13-44:29
63                <action android:name="android.app.action.DEVICE_ADMIN_ENABLED" />
63-->src\main\AndroidManifest.xml:43:17-82
63-->src\main\AndroidManifest.xml:43:25-79
64            </intent-filter>
65        </receiver>
66        <receiver
66-->src\main\AndroidManifest.xml:47:9-49:40
67            android:name="com.thepanel.data.service.PanelAlarmReceiver"
67-->src\main\AndroidManifest.xml:48:13-60
68            android:exported="false" />
68-->src\main\AndroidManifest.xml:49:13-37
69
70        <service
70-->src\main\AndroidManifest.xml:51:9-59:19
71            android:name="com.thepanel.data.service.PanelNotificationListenerService"
71-->src\main\AndroidManifest.xml:52:13-74
72            android:exported="false"
72-->src\main\AndroidManifest.xml:53:13-37
73            android:label="The Panel Media Access"
73-->src\main\AndroidManifest.xml:54:13-51
74            android:permission="android.permission.BIND_NOTIFICATION_LISTENER_SERVICE" >
74-->src\main\AndroidManifest.xml:55:13-87
75            <intent-filter>
75-->src\main\AndroidManifest.xml:56:13-58:29
76                <action android:name="android.service.notification.NotificationListenerService" />
76-->src\main\AndroidManifest.xml:57:17-99
76-->src\main\AndroidManifest.xml:57:25-96
77            </intent-filter>
78        </service>
79
80        <provider
80-->[androidx.work:work-runtime:2.9.1] AndroidManifest.xml:29:9-37:20
81            android:name="androidx.startup.InitializationProvider"
81-->[androidx.work:work-runtime:2.9.1] AndroidManifest.xml:30:13-67
82            android:authorities="com.thepanel.androidx-startup"
82-->[androidx.work:work-runtime:2.9.1] AndroidManifest.xml:31:13-68
83            android:exported="false" >
83-->[androidx.work:work-runtime:2.9.1] AndroidManifest.xml:32:13-37
84            <meta-data
84-->[androidx.work:work-runtime:2.9.1] AndroidManifest.xml:34:13-36:52
85                android:name="androidx.work.WorkManagerInitializer"
85-->[androidx.work:work-runtime:2.9.1] AndroidManifest.xml:35:17-68
86                android:value="androidx.startup" />
86-->[androidx.work:work-runtime:2.9.1] AndroidManifest.xml:36:17-49
87            <meta-data
87-->[androidx.emoji2:emoji2:1.3.0] AndroidManifest.xml:29:13-31:52
88                android:name="androidx.emoji2.text.EmojiCompatInitializer"
88-->[androidx.emoji2:emoji2:1.3.0] AndroidManifest.xml:30:17-75
89                android:value="androidx.startup" />
89-->[androidx.emoji2:emoji2:1.3.0] AndroidManifest.xml:31:17-49
90            <meta-data
90-->[androidx.lifecycle:lifecycle-process:2.8.5] AndroidManifest.xml:29:13-31:52
91                android:name="androidx.lifecycle.ProcessLifecycleInitializer"
91-->[androidx.lifecycle:lifecycle-process:2.8.5] AndroidManifest.xml:30:17-78
92                android:value="androidx.startup" />
92-->[androidx.lifecycle:lifecycle-process:2.8.5] AndroidManifest.xml:31:17-49
93            <meta-data
93-->[androidx.profileinstaller:profileinstaller:1.3.1] AndroidManifest.xml:29:13-31:52
94                android:name="androidx.profileinstaller.ProfileInstallerInitializer"
94-->[androidx.profileinstaller:profileinstaller:1.3.1] AndroidManifest.xml:30:17-85
95                android:value="androidx.startup" />
95-->[androidx.profileinstaller:profileinstaller:1.3.1] AndroidManifest.xml:31:17-49
96        </provider>
97
98        <service
98-->[androidx.work:work-runtime:2.9.1] AndroidManifest.xml:39:9-45:35
99            android:name="androidx.work.impl.background.systemalarm.SystemAlarmService"
99-->[androidx.work:work-runtime:2.9.1] AndroidManifest.xml:40:13-88
100            android:directBootAware="false"
100-->[androidx.work:work-runtime:2.9.1] AndroidManifest.xml:41:13-44
101            android:enabled="@bool/enable_system_alarm_service_default"
101-->[androidx.work:work-runtime:2.9.1] AndroidManifest.xml:42:13-72
102            android:exported="false" />
102-->[androidx.work:work-runtime:2.9.1] AndroidManifest.xml:43:13-37
103        <service
103-->[androidx.work:work-runtime:2.9.1] AndroidManifest.xml:46:9-52:35
104            android:name="androidx.work.impl.background.systemjob.SystemJobService"
104-->[androidx.work:work-runtime:2.9.1] AndroidManifest.xml:47:13-84
105            android:directBootAware="false"
105-->[androidx.work:work-runtime:2.9.1] AndroidManifest.xml:48:13-44
106            android:enabled="@bool/enable_system_job_service_default"
106-->[androidx.work:work-runtime:2.9.1] AndroidManifest.xml:49:13-70
107            android:exported="true"
107-->[androidx.work:work-runtime:2.9.1] AndroidManifest.xml:50:13-36
108            android:permission="android.permission.BIND_JOB_SERVICE" />
108-->[androidx.work:work-runtime:2.9.1] AndroidManifest.xml:51:13-69
109        <service
109-->[androidx.work:work-runtime:2.9.1] AndroidManifest.xml:53:9-59:35
110            android:name="androidx.work.impl.foreground.SystemForegroundService"
110-->[androidx.work:work-runtime:2.9.1] AndroidManifest.xml:54:13-81
111            android:directBootAware="false"
111-->[androidx.work:work-runtime:2.9.1] AndroidManifest.xml:55:13-44
112            android:enabled="@bool/enable_system_foreground_service_default"
112-->[androidx.work:work-runtime:2.9.1] AndroidManifest.xml:56:13-77
113            android:exported="false" />
113-->[androidx.work:work-runtime:2.9.1] AndroidManifest.xml:57:13-37
114
115        <receiver
115-->[androidx.work:work-runtime:2.9.1] AndroidManifest.xml:61:9-66:35
116            android:name="androidx.work.impl.utils.ForceStopRunnable$BroadcastReceiver"
116-->[androidx.work:work-runtime:2.9.1] AndroidManifest.xml:62:13-88
117            android:directBootAware="false"
117-->[androidx.work:work-runtime:2.9.1] AndroidManifest.xml:63:13-44
118            android:enabled="true"
118-->[androidx.work:work-runtime:2.9.1] AndroidManifest.xml:64:13-35
119            android:exported="false" />
119-->[androidx.work:work-runtime:2.9.1] AndroidManifest.xml:65:13-37
120        <receiver
120-->[androidx.work:work-runtime:2.9.1] AndroidManifest.xml:67:9-77:20
121            android:name="androidx.work.impl.background.systemalarm.ConstraintProxy$BatteryChargingProxy"
121-->[androidx.work:work-runtime:2.9.1] AndroidManifest.xml:68:13-106
122            android:directBootAware="false"
122-->[androidx.work:work-runtime:2.9.1] AndroidManifest.xml:69:13-44
123            android:enabled="false"
123-->[androidx.work:work-runtime:2.9.1] AndroidManifest.xml:70:13-36
124            android:exported="false" >
124-->[androidx.work:work-runtime:2.9.1] AndroidManifest.xml:71:13-37
125            <intent-filter>
125-->[androidx.work:work-runtime:2.9.1] AndroidManifest.xml:73:13-76:29
126                <action android:name="android.intent.action.ACTION_POWER_CONNECTED" />
126-->[androidx.work:work-runtime:2.9.1] AndroidManifest.xml:74:17-87
126-->[androidx.work:work-runtime:2.9.1] AndroidManifest.xml:74:25-84
127                <action android:name="android.intent.action.ACTION_POWER_DISCONNECTED" />
127-->[androidx.work:work-runtime:2.9.1] AndroidManifest.xml:75:17-90
127-->[androidx.work:work-runtime:2.9.1] AndroidManifest.xml:75:25-87
128            </intent-filter>
129        </receiver>
130        <receiver
130-->[androidx.work:work-runtime:2.9.1] AndroidManifest.xml:78:9-88:20
131            android:name="androidx.work.impl.background.systemalarm.ConstraintProxy$BatteryNotLowProxy"
131-->[androidx.work:work-runtime:2.9.1] AndroidManifest.xml:79:13-104
132            android:directBootAware="false"
132-->[androidx.work:work-runtime:2.9.1] AndroidManifest.xml:80:13-44
133            android:enabled="false"
133-->[androidx.work:work-runtime:2.9.1] AndroidManifest.xml:81:13-36
134            android:exported="false" >
134-->[androidx.work:work-runtime:2.9.1] AndroidManifest.xml:82:13-37
135            <intent-filter>
135-->[androidx.work:work-runtime:2.9.1] AndroidManifest.xml:84:13-87:29
136                <action android:name="android.intent.action.BATTERY_OKAY" />
136-->[androidx.work:work-runtime:2.9.1] AndroidManifest.xml:85:17-77
136-->[androidx.work:work-runtime:2.9.1] AndroidManifest.xml:85:25-74
137                <action android:name="android.intent.action.BATTERY_LOW" />
137-->[androidx.work:work-runtime:2.9.1] AndroidManifest.xml:86:17-76
137-->[androidx.work:work-runtime:2.9.1] AndroidManifest.xml:86:25-73
138            </intent-filter>
139        </receiver>
140        <receiver
140-->[androidx.work:work-runtime:2.9.1] AndroidManifest.xml:89:9-99:20
141            android:name="androidx.work.impl.background.systemalarm.ConstraintProxy$StorageNotLowProxy"
141-->[androidx.work:work-runtime:2.9.1] AndroidManifest.xml:90:13-104
142            android:directBootAware="false"
142-->[androidx.work:work-runtime:2.9.1] AndroidManifest.xml:91:13-44
143            android:enabled="false"
143-->[androidx.work:work-runtime:2.9.1] AndroidManifest.xml:92:13-36
144            android:exported="false" >
144-->[androidx.work:work-runtime:2.9.1] AndroidManifest.xml:93:13-37
145            <intent-filter>
145-->[androidx.work:work-runtime:2.9.1] AndroidManifest.xml:95:13-98:29
146                <action android:name="android.intent.action.DEVICE_STORAGE_LOW" />
146-->[androidx.work:work-runtime:2.9.1] AndroidManifest.xml:96:17-83
146-->[androidx.work:work-runtime:2.9.1] AndroidManifest.xml:96:25-80
147                <action android:name="android.intent.action.DEVICE_STORAGE_OK" />
147-->[androidx.work:work-runtime:2.9.1] AndroidManifest.xml:97:17-82
147-->[androidx.work:work-runtime:2.9.1] AndroidManifest.xml:97:25-79
148            </intent-filter>
149        </receiver>
150        <receiver
150-->[androidx.work:work-runtime:2.9.1] AndroidManifest.xml:100:9-109:20
151            android:name="androidx.work.impl.background.systemalarm.ConstraintProxy$NetworkStateProxy"
151-->[androidx.work:work-runtime:2.9.1] AndroidManifest.xml:101:13-103
152            android:directBootAware="false"
152-->[androidx.work:work-runtime:2.9.1] AndroidManifest.xml:102:13-44
153            android:enabled="false"
153-->[androidx.work:work-runtime:2.9.1] AndroidManifest.xml:103:13-36
154            android:exported="false" >
154-->[androidx.work:work-runtime:2.9.1] AndroidManifest.xml:104:13-37
155            <intent-filter>
155-->[androidx.work:work-runtime:2.9.1] AndroidManifest.xml:106:13-108:29
156                <action android:name="android.net.conn.CONNECTIVITY_CHANGE" />
156-->[androidx.work:work-runtime:2.9.1] AndroidManifest.xml:107:17-79
156-->[androidx.work:work-runtime:2.9.1] AndroidManifest.xml:107:25-76
157            </intent-filter>
158        </receiver>
159        <receiver
159-->[androidx.work:work-runtime:2.9.1] AndroidManifest.xml:110:9-121:20
160            android:name="androidx.work.impl.background.systemalarm.RescheduleReceiver"
160-->[androidx.work:work-runtime:2.9.1] AndroidManifest.xml:111:13-88
161            android:directBootAware="false"
161-->[androidx.work:work-runtime:2.9.1] AndroidManifest.xml:112:13-44
162            android:enabled="false"
162-->[androidx.work:work-runtime:2.9.1] AndroidManifest.xml:113:13-36
163            android:exported="false" >
163-->[androidx.work:work-runtime:2.9.1] AndroidManifest.xml:114:13-37
164            <intent-filter>
164-->[androidx.work:work-runtime:2.9.1] AndroidManifest.xml:116:13-120:29
165                <action android:name="android.intent.action.BOOT_COMPLETED" />
165-->[androidx.work:work-runtime:2.9.1] AndroidManifest.xml:117:17-79
165-->[androidx.work:work-runtime:2.9.1] AndroidManifest.xml:117:25-76
166                <action android:name="android.intent.action.TIME_SET" />
166-->[androidx.work:work-runtime:2.9.1] AndroidManifest.xml:118:17-73
166-->[androidx.work:work-runtime:2.9.1] AndroidManifest.xml:118:25-70
167                <action android:name="android.intent.action.TIMEZONE_CHANGED" />
167-->[androidx.work:work-runtime:2.9.1] AndroidManifest.xml:119:17-81
167-->[androidx.work:work-runtime:2.9.1] AndroidManifest.xml:119:25-78
168            </intent-filter>
169        </receiver>
170        <receiver
170-->[androidx.work:work-runtime:2.9.1] AndroidManifest.xml:122:9-131:20
171            android:name="androidx.work.impl.background.systemalarm.ConstraintProxyUpdateReceiver"
171-->[androidx.work:work-runtime:2.9.1] AndroidManifest.xml:123:13-99
172            android:directBootAware="false"
172-->[androidx.work:work-runtime:2.9.1] AndroidManifest.xml:124:13-44
173            android:enabled="@bool/enable_system_alarm_service_default"
173-->[androidx.work:work-runtime:2.9.1] AndroidManifest.xml:125:13-72
174            android:exported="false" >
174-->[androidx.work:work-runtime:2.9.1] AndroidManifest.xml:126:13-37
175            <intent-filter>
175-->[androidx.work:work-runtime:2.9.1] AndroidManifest.xml:128:13-130:29
176                <action android:name="androidx.work.impl.background.systemalarm.UpdateProxies" />
176-->[androidx.work:work-runtime:2.9.1] AndroidManifest.xml:129:17-98
176-->[androidx.work:work-runtime:2.9.1] AndroidManifest.xml:129:25-95
177            </intent-filter>
178        </receiver>
179        <receiver
179-->[androidx.work:work-runtime:2.9.1] AndroidManifest.xml:132:9-142:20
180            android:name="androidx.work.impl.diagnostics.DiagnosticsReceiver"
180-->[androidx.work:work-runtime:2.9.1] AndroidManifest.xml:133:13-78
181            android:directBootAware="false"
181-->[androidx.work:work-runtime:2.9.1] AndroidManifest.xml:134:13-44
182            android:enabled="true"
182-->[androidx.work:work-runtime:2.9.1] AndroidManifest.xml:135:13-35
183            android:exported="true"
183-->[androidx.work:work-runtime:2.9.1] AndroidManifest.xml:136:13-36
184            android:permission="android.permission.DUMP" >
184-->[androidx.work:work-runtime:2.9.1] AndroidManifest.xml:137:13-57
185            <intent-filter>
185-->[androidx.work:work-runtime:2.9.1] AndroidManifest.xml:139:13-141:29
186                <action android:name="androidx.work.diagnostics.REQUEST_DIAGNOSTICS" />
186-->[androidx.work:work-runtime:2.9.1] AndroidManifest.xml:140:17-88
186-->[androidx.work:work-runtime:2.9.1] AndroidManifest.xml:140:25-85
187            </intent-filter>
188        </receiver>
189
190        <activity
190-->[com.google.android.gms:play-services-base:18.5.0] AndroidManifest.xml:5:9-173
191            android:name="com.google.android.gms.common.api.GoogleApiActivity"
191-->[com.google.android.gms:play-services-base:18.5.0] AndroidManifest.xml:5:19-85
192            android:exported="false"
192-->[com.google.android.gms:play-services-base:18.5.0] AndroidManifest.xml:5:146-170
193            android:theme="@android:style/Theme.Translucent.NoTitleBar" />
193-->[com.google.android.gms:play-services-base:18.5.0] AndroidManifest.xml:5:86-145
194
195        <meta-data
195-->[com.google.android.gms:play-services-basement:18.4.0] AndroidManifest.xml:6:9-122
196            android:name="com.google.android.gms.version"
196-->[com.google.android.gms:play-services-basement:18.4.0] AndroidManifest.xml:6:20-65
197            android:value="@integer/google_play_services_version" />
197-->[com.google.android.gms:play-services-basement:18.4.0] AndroidManifest.xml:6:66-119
198
199        <activity
199-->[androidx.compose.ui:ui-tooling-android:1.7.3] AndroidManifest.xml:23:9-25:39
200            android:name="androidx.compose.ui.tooling.PreviewActivity"
200-->[androidx.compose.ui:ui-tooling-android:1.7.3] AndroidManifest.xml:24:13-71
201            android:exported="true" />
201-->[androidx.compose.ui:ui-tooling-android:1.7.3] AndroidManifest.xml:25:13-36
202
203        <service
203-->[androidx.room:room-runtime:2.6.1] AndroidManifest.xml:24:9-28:63
204            android:name="androidx.room.MultiInstanceInvalidationService"
204-->[androidx.room:room-runtime:2.6.1] AndroidManifest.xml:25:13-74
205            android:directBootAware="true"
205-->[androidx.room:room-runtime:2.6.1] AndroidManifest.xml:26:13-43
206            android:exported="false" />
206-->[androidx.room:room-runtime:2.6.1] AndroidManifest.xml:27:13-37
207
208        <receiver
208-->[androidx.profileinstaller:profileinstaller:1.3.1] AndroidManifest.xml:34:9-52:20
209            android:name="androidx.profileinstaller.ProfileInstallReceiver"
209-->[androidx.profileinstaller:profileinstaller:1.3.1] AndroidManifest.xml:35:13-76
210            android:directBootAware="false"
210-->[androidx.profileinstaller:profileinstaller:1.3.1] AndroidManifest.xml:36:13-44
211            android:enabled="true"
211-->[androidx.profileinstaller:profileinstaller:1.3.1] AndroidManifest.xml:37:13-35
212            android:exported="true"
212-->[androidx.profileinstaller:profileinstaller:1.3.1] AndroidManifest.xml:38:13-36
213            android:permission="android.permission.DUMP" >
213-->[androidx.profileinstaller:profileinstaller:1.3.1] AndroidManifest.xml:39:13-57
214            <intent-filter>
214-->[androidx.profileinstaller:profileinstaller:1.3.1] AndroidManifest.xml:40:13-42:29
215                <action android:name="androidx.profileinstaller.action.INSTALL_PROFILE" />
215-->[androidx.profileinstaller:profileinstaller:1.3.1] AndroidManifest.xml:41:17-91
215-->[androidx.profileinstaller:profileinstaller:1.3.1] AndroidManifest.xml:41:25-88
216            </intent-filter>
217            <intent-filter>
217-->[androidx.profileinstaller:profileinstaller:1.3.1] AndroidManifest.xml:43:13-45:29
218                <action android:name="androidx.profileinstaller.action.SKIP_FILE" />
218-->[androidx.profileinstaller:profileinstaller:1.3.1] AndroidManifest.xml:44:17-85
218-->[androidx.profileinstaller:profileinstaller:1.3.1] AndroidManifest.xml:44:25-82
219            </intent-filter>
220            <intent-filter>
220-->[androidx.profileinstaller:profileinstaller:1.3.1] AndroidManifest.xml:46:13-48:29
221                <action android:name="androidx.profileinstaller.action.SAVE_PROFILE" />
221-->[androidx.profileinstaller:profileinstaller:1.3.1] AndroidManifest.xml:47:17-88
221-->[androidx.profileinstaller:profileinstaller:1.3.1] AndroidManifest.xml:47:25-85
222            </intent-filter>
223            <intent-filter>
223-->[androidx.profileinstaller:profileinstaller:1.3.1] AndroidManifest.xml:49:13-51:29
224                <action android:name="androidx.profileinstaller.action.BENCHMARK_OPERATION" />
224-->[androidx.profileinstaller:profileinstaller:1.3.1] AndroidManifest.xml:50:17-95
224-->[androidx.profileinstaller:profileinstaller:1.3.1] AndroidManifest.xml:50:25-92
225            </intent-filter>
226        </receiver>
227    </application>
228
229</manifest>